<?xml version="1.0" encoding="UTF-8" ?>
<testsuite failures="0" time="0.993" errors="0" skipped="0" tests="3" name="com.alexgaoyh.MutiModule.captcha.AccountCaptchaServiceTest">
  <properties>
[...]
</properties>
  <testcase time="0.933" classname="com.alexgaoyh.MutiModule.captcha.AccountCaptchaServiceTest" name="testValidateCaptchaCorrect"/>
  <testcase time="0.04" classname="com.alexgaoyh.MutiModule.captcha.AccountCaptchaServiceTest" name="testGenerateCaptcha"/>
  <testcase time="0.02" classname="com.alexgaoyh.MutiModule.captcha.AccountCaptchaServiceTest" name="testValidateCaptchaIncorrect"/>
</testsuite>